TN:
SF:src/timezone-conversion-service.ts
FN:30,convertTimezoneSafe
FN:104,getTimezoneAbbreviation
FN:134,convertExtractedTimesToUserTimezone
FN:149,(anonymous_4)
FN:154,(anonymous_5)
FN:345,generateSlots
FN:752,processEmailAnalysisWithTimezones
FN:767,(anonymous_8)
FN:769,(anonymous_9)
FN:807,(anonymous_10)
FN:934,generateShorterSlotsFromRange
FN:1409,(anonymous_12)
FNF:12
FNH:10
FNDA:16,convertTimezoneSafe
FNDA:43,getTimezoneAbbreviation
FNDA:7,convertExtractedTimesToUserTimezone
FNDA:7,(anonymous_4)
FNDA:7,(anonymous_5)
FNDA:4,generateSlots
FNDA:4,processEmailAnalysisWithTimezones
FNDA:4,(anonymous_8)
FNDA:4,(anonymous_9)
FNDA:4,(anonymous_10)
FNDA:0,generateShorterSlotsFromRange
FNDA:0,(anonymous_12)
DA:14,4
DA:15,4
DA:30,4
DA:46,16
DA:48,16
DA:49,16
DA:52,16
DA:53,16
DA:56,16
DA:59,16
DA:62,16
DA:63,16
DA:66,16
DA:68,16
DA:80,0
DA:82,0
DA:104,4
DA:108,43
DA:110,41
DA:112,41
DA:115,41
DA:116,41
DA:118,0
DA:122,0
DA:134,4
DA:138,7
DA:139,0
DA:143,7
DA:146,7
DA:149,7
DA:150,7
DA:151,7
DA:153,7
DA:154,7
DA:156,7
DA:171,7
DA:176,7
DA:181,7
DA:183,7
DA:184,7
DA:187,7
DA:188,6
DA:190,6
DA:191,6
DA:194,6
DA:196,5
DA:201,5
DA:207,5
DA:210,5
DA:213,5
DA:216,5
DA:217,1
DA:218,1
DA:219,1
DA:224,6
DA:226,6
DA:231,6
DA:237,6
DA:240,6
DA:243,6
DA:246,6
DA:260,0
DA:266,0
DA:268,0
DA:273,1
DA:275,1
DA:278,7
DA:282,7
DA:285,7
DA:345,4
DA:352,4
DA:355,4
DA:357,4
DA:358,0
DA:361,4
DA:362,4
DA:364,4
DA:366,0
DA:367,0
DA:370,0
DA:372,0
DA:407,4
DA:409,4
DA:412,4
DA:415,0
DA:416,0
DA:418,0
DA:420,0
DA:423,0
DA:424,0
DA:427,0
DA:428,0
DA:431,0
DA:433,0
DA:434,0
DA:437,0
DA:440,0
DA:443,0
DA:447,0
DA:450,0
DA:453,0
DA:454,0
DA:461,0
DA:467,0
DA:468,0
DA:470,0
DA:474,0
DA:477,0
DA:479,0
DA:483,0
DA:486,0
DA:488,0
DA:492,0
DA:495,0
DA:500,0
DA:501,0
DA:504,0
DA:534,0
DA:536,0
DA:543,0
DA:546,0
DA:549,0
DA:552,0
DA:555,0
DA:556,0
DA:562,0
DA:566,0
DA:569,0
DA:570,0
DA:572,0
DA:573,0
DA:576,0
DA:578,0
DA:579,0
DA:582,0
DA:584,0
DA:588,0
DA:592,0
DA:596,0
DA:632,4
DA:636,4
DA:638,4
DA:641,4
DA:642,4
DA:645,4
DA:648,4
DA:651,4
DA:652,4
DA:657,4
DA:663,4
DA:664,4
DA:666,4
DA:667,4
DA:670,4
DA:673,4
DA:674,4
DA:677,4
DA:679,0
DA:683,0
DA:684,0
DA:691,0
DA:692,0
DA:698,4
DA:735,4
DA:752,4
DA:759,4
DA:762,4
DA:767,4
DA:768,4
DA:769,4
DA:772,4
DA:773,4
DA:775,4
DA:776,4
DA:780,4
DA:781,4
DA:788,4
DA:794,4
DA:795,4
DA:796,4
DA:804,4
DA:807,4
DA:809,4
DA:814,4
DA:817,4
DA:818,4
DA:820,4
DA:821,4
DA:826,4
DA:827,4
DA:829,4
DA:832,4
DA:835,4
DA:836,4
DA:840,0
DA:845,0
DA:849,0
DA:854,4
DA:855,4
DA:857,4
DA:858,4
DA:861,4
DA:869,4
DA:870,4
DA:873,4
DA:874,4
DA:876,0
DA:880,4
DA:881,4
DA:883,4
DA:884,4
DA:887,4
DA:895,4
DA:896,4
DA:899,4
DA:900,4
DA:902,0
DA:908,4
DA:909,0
DA:910,0
DA:914,4
DA:918,4
DA:934,4
DA:941,0
DA:944,0
DA:947,0
DA:950,0
DA:953,0
DA:955,0
DA:963,0
DA:964,0
DA:967,0
DA:970,0
DA:972,0
DA:976,0
DA:977,0
DA:982,0
DA:984,0
DA:989,0
DA:990,0
DA:991,0
DA:992,0
DA:994,0
DA:999,0
DA:1000,0
DA:1002,0
DA:1005,0
DA:1007,0
DA:1012,0
DA:1013,0
DA:1016,0
DA:1017,0
DA:1019,0
DA:1028,0
DA:1029,0
DA:1030,0
DA:1036,0
DA:1043,0
DA:1048,0
DA:1051,0
DA:1055,0
DA:1056,0
DA:1064,0
DA:1065,0
DA:1070,0
DA:1072,0
DA:1075,0
DA:1076,0
DA:1079,0
DA:1080,0
DA:1083,0
DA:1084,0
DA:1087,0
DA:1088,0
DA:1091,0
DA:1098,0
DA:1099,0
DA:1103,0
DA:1117,0
DA:1122,0
DA:1125,0
DA:1126,0
DA:1128,0
DA:1131,0
DA:1136,0
DA:1143,0
DA:1144,0
DA:1149,0
DA:1150,0
DA:1152,0
DA:1161,0
DA:1163,0
DA:1164,0
DA:1167,0
DA:1168,0
DA:1174,0
DA:1198,0
DA:1199,0
DA:1203,0
DA:1204,0
DA:1207,0
DA:1213,0
DA:1218,0
DA:1228,0
DA:1230,0
DA:1239,0
DA:1249,0
DA:1251,0
DA:1257,0
DA:1261,0
DA:1264,0
DA:1265,0
DA:1266,0
DA:1268,0
DA:1269,0
DA:1273,0
DA:1274,0
DA:1277,0
DA:1278,0
DA:1281,0
DA:1283,0
DA:1285,0
DA:1289,0
DA:1290,0
DA:1293,0
DA:1298,0
DA:1306,0
DA:1307,0
DA:1311,0
DA:1315,0
DA:1317,0
DA:1318,0
DA:1321,0
DA:1326,0
DA:1333,0
DA:1335,0
DA:1336,0
DA:1337,0
DA:1341,0
DA:1345,0
DA:1379,0
DA:1382,0
DA:1390,0
DA:1391,0
DA:1397,0
DA:1398,0
DA:1401,0
DA:1404,0
DA:1409,0
DA:1410,0
DA:1420,0
DA:1421,0
DA:1428,0
DA:1432,0
DA:1435,0
LF:355
LH:143
BRDA:48,0,0,16
BRDA:48,0,1,0
BRDA:49,1,0,16
BRDA:49,1,1,0
BRDA:108,2,0,2
BRDA:112,3,0,21
BRDA:112,3,1,20
BRDA:138,4,0,0
BRDA:138,5,0,7
BRDA:138,5,1,7
BRDA:138,5,2,7
BRDA:153,6,0,7
BRDA:153,7,0,7
BRDA:153,7,1,7
BRDA:166,8,0,7
BRDA:166,8,1,5
BRDA:167,9,0,7
BRDA:167,9,1,4
BRDA:171,10,0,6
BRDA:171,10,1,1
BRDA:176,11,0,6
BRDA:176,11,1,1
BRDA:187,12,0,6
BRDA:187,12,1,1
BRDA:187,13,0,7
BRDA:187,13,1,6
BRDA:190,14,0,6
BRDA:190,14,1,5
BRDA:191,15,0,6
BRDA:191,15,1,4
BRDA:194,16,0,5
BRDA:216,17,0,1
BRDA:224,18,0,6
BRDA:267,19,0,0
BRDA:267,19,1,0
BRDA:269,20,0,0
BRDA:269,20,1,0
BRDA:274,21,0,1
BRDA:274,21,1,0
BRDA:275,22,0,1
BRDA:275,22,1,0
BRDA:348,23,0,0
BRDA:349,24,0,0
BRDA:352,25,0,4
BRDA:352,25,1,0
BRDA:357,26,0,0
BRDA:357,27,0,4
BRDA:357,27,1,4
BRDA:357,27,2,4
BRDA:364,28,0,0
BRDA:364,28,1,4
BRDA:364,29,0,4
BRDA:364,29,1,4
BRDA:409,30,0,0
BRDA:409,31,0,4
BRDA:409,31,1,0
BRDA:412,32,0,0
BRDA:412,32,1,4
BRDA:412,33,0,4
BRDA:412,33,1,4
BRDA:415,34,0,0
BRDA:415,34,1,0
BRDA:416,35,0,0
BRDA:416,35,1,0
BRDA:418,36,0,0
BRDA:418,36,1,0
BRDA:418,37,0,0
BRDA:418,37,1,0
BRDA:420,38,0,0
BRDA:420,38,1,0
BRDA:437,39,0,0
BRDA:454,40,0,0
BRDA:454,40,1,0
BRDA:461,41,0,0
BRDA:461,41,1,0
BRDA:467,42,0,0
BRDA:467,42,1,0
BRDA:493,43,0,0
BRDA:493,43,1,0
BRDA:496,44,0,0
BRDA:496,44,1,0
BRDA:536,45,0,0
BRDA:537,46,0,0
BRDA:537,46,1,0
BRDA:537,46,2,0
BRDA:538,47,0,0
BRDA:538,47,1,0
BRDA:543,48,0,0
BRDA:543,48,1,0
BRDA:546,49,0,0
BRDA:546,49,1,0
BRDA:556,50,0,0
BRDA:556,50,1,0
BRDA:562,51,0,0
BRDA:562,51,1,0
BRDA:569,52,0,0
BRDA:569,52,1,0
BRDA:588,53,0,0
BRDA:588,53,1,0
BRDA:632,54,0,4
BRDA:636,55,0,4
BRDA:636,55,1,0
BRDA:638,56,0,0
BRDA:641,57,0,1
BRDA:641,57,1,3
BRDA:652,58,0,4
BRDA:652,58,1,0
BRDA:657,59,0,4
BRDA:657,59,1,0
BRDA:663,60,0,4
BRDA:663,60,1,0
BRDA:683,61,0,0
BRDA:683,61,1,0
BRDA:762,62,0,4
BRDA:763,63,0,4
BRDA:763,63,1,4
BRDA:763,63,2,4
BRDA:768,64,0,4
BRDA:768,65,0,4
BRDA:768,65,1,4
BRDA:772,66,0,4
BRDA:772,67,0,4
BRDA:772,67,1,4
BRDA:775,68,0,4
BRDA:775,69,0,4
BRDA:775,69,1,4
BRDA:794,70,0,4
BRDA:794,70,1,4
BRDA:794,70,2,0
BRDA:795,71,0,4
BRDA:795,71,1,4
BRDA:809,72,0,4
BRDA:809,72,1,0
BRDA:818,73,0,4
BRDA:826,74,0,4
BRDA:826,74,1,0
BRDA:854,75,0,4
BRDA:854,76,0,4
BRDA:854,76,1,4
BRDA:880,77,0,4
BRDA:908,78,0,0
BRDA:951,79,0,0
BRDA:951,79,1,0
BRDA:960,80,0,0
BRDA:960,80,1,0
BRDA:963,81,0,0
BRDA:963,82,0,0
BRDA:963,82,1,0
BRDA:976,83,0,0
BRDA:976,83,1,0
BRDA:982,84,0,0
BRDA:982,84,1,0
BRDA:982,85,0,0
BRDA:982,85,1,0
BRDA:990,86,0,0
BRDA:990,86,1,0
BRDA:992,87,0,0
BRDA:992,87,1,0
BRDA:1005,88,0,0
BRDA:1005,88,1,0
BRDA:1005,89,0,0
BRDA:1005,89,1,0
BRDA:1043,90,0,0
BRDA:1044,91,0,0
BRDA:1044,91,1,0
BRDA:1044,91,2,0
BRDA:1070,92,0,0
BRDA:1070,92,1,0
BRDA:1072,93,0,0
BRDA:1075,94,0,0
BRDA:1075,94,1,0
BRDA:1083,95,0,0
BRDA:1083,95,1,0
BRDA:1098,96,0,0
BRDA:1098,97,0,0
BRDA:1098,97,1,0
BRDA:1112,98,0,0
BRDA:1112,98,1,0
BRDA:1112,98,2,0
BRDA:1112,98,3,0
BRDA:1137,99,0,0
BRDA:1137,99,1,0
BRDA:1155,100,0,0
BRDA:1155,100,1,0
BRDA:1161,101,0,0
BRDA:1161,101,1,0
BRDA:1161,102,0,0
BRDA:1161,102,1,0
BRDA:1184,103,0,0
BRDA:1184,103,1,0
BRDA:1184,103,2,0
BRDA:1186,104,0,0
BRDA:1186,104,1,0
BRDA:1194,105,0,0
BRDA:1194,105,1,0
BRDA:1194,105,2,0
BRDA:1203,106,0,0
BRDA:1228,107,0,0
BRDA:1228,108,0,0
BRDA:1228,108,1,0
BRDA:1239,109,0,0
BRDA:1239,109,1,0
BRDA:1241,110,0,0
BRDA:1241,110,1,0
BRDA:1243,111,0,0
BRDA:1243,111,1,0
BRDA:1249,112,0,0
BRDA:1249,112,1,0
BRDA:1249,113,0,0
BRDA:1249,113,1,0
BRDA:1253,114,0,0
BRDA:1253,114,1,0
BRDA:1264,115,0,0
BRDA:1264,115,1,0
BRDA:1264,116,0,0
BRDA:1264,116,1,0
BRDA:1281,117,0,0
BRDA:1281,117,1,0
BRDA:1283,118,0,0
BRDA:1283,118,1,0
BRDA:1285,119,0,0
BRDA:1285,119,1,0
BRDA:1289,120,0,0
BRDA:1289,120,1,0
BRDA:1289,120,2,0
BRDA:1290,121,0,0
BRDA:1290,121,1,0
BRDA:1290,121,2,0
BRDA:1306,122,0,0
BRDA:1306,122,1,0
BRDA:1315,123,0,0
BRDA:1315,123,1,0
BRDA:1341,124,0,0
BRDA:1341,124,1,0
BRDA:1355,125,0,0
BRDA:1355,125,1,0
BRDA:1355,125,2,0
BRDA:1356,126,0,0
BRDA:1356,126,1,0
BRDA:1356,126,2,0
BRDA:1360,127,0,0
BRDA:1360,127,1,0
BRDA:1360,127,2,0
BRDA:1370,128,0,0
BRDA:1370,128,1,0
BRDA:1370,128,2,0
BRDA:1374,129,0,0
BRDA:1374,129,1,0
BRDA:1384,130,0,0
BRDA:1384,130,1,0
BRDA:1384,131,0,0
BRDA:1384,131,1,0
BRDA:1390,132,0,0
BRDA:1397,133,0,0
BRDA:1416,134,0,0
BRDA:1416,134,1,0
BRDA:1420,135,0,0
BRDA:1435,136,0,0
BRDA:1435,136,1,0
BRF:259
BRH:74
end_of_record
TN:
SF:src/timezone-utils.ts
FN:83,toUTC
FN:93,toTimezone
FN:107,fromUTCToTimezone
FN:120,convertTimezoneAbbreviation
FN:142,isValidTimezone
FN:159,formatUTC
FN:170,formatInTimezone
FN:186,nowUTC
FN:195,logTimezoneConversion
FN:217,toUndefinable
FNF:10
FNH:1
FNDA:0,toUTC
FNDA:0,toTimezone
FNDA:0,fromUTCToTimezone
FNDA:47,convertTimezoneAbbreviation
FNDA:0,isValidTimezone
FNDA:0,formatUTC
FNDA:0,formatInTimezone
FNDA:0,nowUTC
FNDA:0,logTimezoneConversion
FNDA:0,toUndefinable
DA:9,4
DA:12,4
DA:18,4
DA:83,4
DA:84,0
DA:93,4
DA:95,0
DA:98,0
DA:107,4
DA:109,0
DA:112,0
DA:120,4
DA:121,47
DA:124,47
DA:127,47
DA:128,19
DA:129,19
DA:133,28
DA:134,28
DA:142,4
DA:143,0
DA:146,0
DA:150,0
DA:159,4
DA:160,0
DA:170,4
DA:176,0
DA:179,0
DA:186,4
DA:187,0
DA:195,4
DA:196,0
DA:197,0
DA:198,0
DA:200,0
DA:201,0
DA:202,0
DA:203,0
DA:204,0
DA:217,4
DA:220,0
LF:41
LH:20
BRDA:95,0,0,0
BRDA:95,0,1,0
BRDA:109,1,0,0
BRDA:109,1,1,0
BRDA:121,2,0,0
BRDA:127,3,0,19
BRDA:143,4,0,0
BRDA:150,5,0,0
BRDA:150,5,1,0
BRDA:159,6,0,0
BRDA:173,7,0,0
BRDA:176,8,0,0
BRDA:176,8,1,0
BRDA:195,9,0,0
BRF:14
BRH:1
end_of_record
